  hwidprotect.cpp
D:\repos\hwidprotect\hwidprotect\protect.h(69,12): warning C4101: 'x': unreferenced local variable
D:\repos\hwidprotect\hwidprotect\protect.h(79,12): warning C4101: 'x': unreferenced local variable
D:\repos\hwidprotect\hwidprotect\protect.h(89,36): warning C4042: 'unnamed-parameter': has bad storage class
D:\repos\hwidprotect\hwidprotect\hwidprotect.cpp(143,16): warning C4477: 'printf' : format string '%ld' requires an argument of type 'long', but variadic argument 1 has type 'LARGE_INTEGER'
D:\repos\hwidprotect\hwidprotect\hwidprotect.cpp(143,16): warning C4473: 'printf' : not enough arguments passed for format string
D:\repos\hwidprotect\hwidprotect\hwidprotect.cpp(143,16): message : placeholders and their parameters expect 3 variadic arguments, but 1 were provided
D:\repos\hwidprotect\hwidprotect\hwidprotect.cpp(143,16): message : the missing variadic argument 2 is required by format string '%s'
D:\repos\hwidprotect\hwidprotect\hwidprotect.cpp(144,16): warning C4477: 'printf' : format string '%ld' requires an argument of type 'long', but variadic argument 1 has type 'LONGLONG'
D:\repos\hwidprotect\hwidprotect\hwidprotect.cpp(144,16): message : consider using '%lld' in the format string
D:\repos\hwidprotect\hwidprotect\hwidprotect.cpp(144,16): message : consider using '%Id' in the format string
D:\repos\hwidprotect\hwidprotect\hwidprotect.cpp(144,16): message : consider using '%I64d' in the format string
D:\repos\hwidprotect\hwidprotect\hwidprotect.cpp(144,16): warning C4473: 'printf' : not enough arguments passed for format string
D:\repos\hwidprotect\hwidprotect\hwidprotect.cpp(144,16): message : placeholders and their parameters expect 3 variadic arguments, but 1 were provided
D:\repos\hwidprotect\hwidprotect\hwidprotect.cpp(144,16): message : the missing variadic argument 2 is required by format string '%s'
D:\repos\hwidprotect\hwidprotect\hwidprotect.cpp(152,13): warning C4101: 'adamsinval': unreferenced local variable
D:\repos\hwidprotect\hwidprotect\hwidprotect.cpp(178,36): warning C4042: 'unnamed-parameter': has bad storage class
D:\repos\hwidprotect\hwidprotect\hwidprotect.cpp(330,23): warning C4018: '<': signed/unsigned mismatch
D:\repos\hwidprotect\hwidprotect\hwidprotect.cpp(366,18): warning C4477: 'wprintf' : format string '%s' requires an argument of type 'wchar_t *', but variadic argument 1 has type 'DWORD'
D:\repos\hwidprotect\hwidprotect\hwidprotect.cpp(366,18): warning C4313: 'wprintf': '%s' in format string conflicts with argument 1 of type 'DWORD'
C:\Program Files\Microsoft Visual Studio\2022\Community\VC\Tools\MSVC\14.30.30705\include\xstring(2588,23): warning C4244: 'argument': conversion from 'wchar_t' to 'const _Elem', possible loss of data
          with
          [
              _Elem=char
          ]
C:\Program Files\Microsoft Visual Studio\2022\Community\VC\Tools\MSVC\14.30.30705\include\xstring(2599): message : see reference to function template instantiation 'void std::basic_string<char,std::char_traits<char>,std::allocator<char>>::_Construct<wchar_t*>(_Iter,const _Iter,std::input_iterator_tag)' being compiled
          with
          [
              _Iter=wchar_t *
          ]
C:\Program Files\Microsoft Visual Studio\2022\Community\VC\Tools\MSVC\14.30.30705\include\xstring(2599): message : see reference to function template instantiation 'void std::basic_string<char,std::char_traits<char>,std::allocator<char>>::_Construct<wchar_t*>(_Iter,const _Iter,std::input_iterator_tag)' being compiled
          with
          [
              _Iter=wchar_t *
          ]
C:\Program Files\Microsoft Visual Studio\2022\Community\VC\Tools\MSVC\14.30.30705\include\xstring(2579): message : see reference to function template instantiation 'void std::basic_string<char,std::char_traits<char>,std::allocator<char>>::_Construct<wchar_t*>(const _Iter,const _Iter,std::forward_iterator_tag)' being compiled
          with
          [
              _Iter=wchar_t *
          ]
C:\Program Files\Microsoft Visual Studio\2022\Community\VC\Tools\MSVC\14.30.30705\include\xstring(2579): message : see reference to function template instantiation 'void std::basic_string<char,std::char_traits<char>,std::allocator<char>>::_Construct<wchar_t*>(const _Iter,const _Iter,std::forward_iterator_tag)' being compiled
          with
          [
              _Iter=wchar_t *
          ]
D:\repos\hwidprotect\hwidprotect\hwidprotect.cpp(172): message : see reference to function template instantiation 'std::basic_string<char,std::char_traits<char>,std::allocator<char>>::basic_string<std::_String_iterator<std::_String_val<std::_Simple_types<_Elem>>>,0>(_Iter,_Iter,const _Alloc &)' being compiled
          with
          [
              _Elem=wchar_t,
              _Iter=std::_String_iterator<std::_String_val<std::_Simple_types<wchar_t>>>,
              _Alloc=std::allocator<char>
          ]
D:\repos\hwidprotect\hwidprotect\hwidprotect.cpp(172): message : see reference to function template instantiation 'std::basic_string<char,std::char_traits<char>,std::allocator<char>>::basic_string<std::_String_iterator<std::_String_val<std::_Simple_types<_Elem>>>,0>(_Iter,_Iter,const _Alloc &)' being compiled
          with
          [
              _Elem=wchar_t,
              _Iter=std::_String_iterator<std::_String_val<std::_Simple_types<wchar_t>>>,
              _Alloc=std::allocator<char>
          ]
  hwidprotect.vcxproj -> D:\repos\hwidprotect\x64\Debug\hwidprotect.exe
